2022-04-15 11:31:01,731 - agents.Base_Agent - INFO - 0 -- PandemicGym
2022-04-15 11:31:01,731 - agents.Base_Agent - INFO - 1 -- DISCRETE
2022-04-15 11:31:01,731 - agents.Base_Agent - INFO - 2 -- 3
2022-04-15 11:31:01,731 - agents.Base_Agent - INFO - 3 -- None
2022-04-15 11:31:01,731 - agents.Base_Agent - INFO - 4 -- 13
2022-04-15 11:31:01,731 - agents.Base_Agent - INFO - 5 -- {'learning_rate': 0.005, 'linear_hidden_units': [20, 10], 'final_layer_activation': ['SOFTMAX', None], 'gradient_clipping_norm': 5.0, 'discount_rate': 0.99, 'epsilon_decay_rate_denominator': 1.0, 'normalise_rewards': True, 'exploration_worker_difference': 2.0, 'clip_rewards': False, 'Actor': {'learning_rate': 0.01, 'linear_hidden_units': [128], 'final_layer_activation': 'Softmax', 'batch_norm': False, 'tau': 0.005, 'gradient_clipping_norm': 5, 'initialiser': 'Xavier'}, 'Critic': {'learning_rate': 0.001, 'linear_hidden_units': [128], 'final_layer_activation': None, 'batch_norm': False, 'buffer_size': 1000, 'tau': 0.005, 'gradient_clipping_norm': 5, 'initialiser': 'Xavier'}, 'min_steps_before_learning': 500, 'batch_size': 16, 'mu': 0.0, 'theta': 0.15, 'sigma': 0.25, 'action_noise_std': 0.2, 'action_noise_clipping_range': 0.5, 'update_every_n_steps': 30, 'learning_updates_per_learning_session': 1, 'automatically_tune_entropy_hyperparameter': True, 'entropy_term_weight': None, 'add_extra_noise': False, 'do_evaluation_iterations': True}
2022-04-15 11:31:01,731 - agents.Base_Agent - INFO - 6 -- 0
2022-04-15 11:31:01,731 - agents.Base_Agent - INFO - 7 -- 30
2022-04-15 11:31:01,731 - agents.Base_Agent - INFO - 8 -- cpu
2022-04-15 11:31:01,829 - agents.Base_Agent - INFO - Reseting game -- New start state [0. 0. 0. 0. 0. 0. 0. 0. 0. 0. 0. 0. 0.]
2022-04-15 11:31:34,739 - agents.Base_Agent - INFO - Reseting game -- New start state [0. 0. 0. 0. 0. 0. 0. 0. 0. 0. 0. 0. 0.]
2022-04-15 11:33:50,760 - agents.Base_Agent - INFO - Reseting game -- New start state [0. 0. 0. 0. 0. 0. 0. 0. 0. 0. 0. 0. 0.]
2022-04-15 11:36:07,593 - agents.Base_Agent - INFO - Reseting game -- New start state [0. 0. 0. 0. 0. 0. 0. 0. 0. 0. 0. 0. 0.]
2022-04-15 11:38:22,676 - agents.Base_Agent - INFO - Reseting game -- New start state [0. 0. 0. 0. 0. 0. 0. 0. 0. 0. 0. 0. 0.]
2022-04-15 11:40:44,231 - agents.Base_Agent - INFO - Loss -- 0.9232232570648193
2022-04-15 11:40:44,232 - agents.Base_Agent - INFO - Loss -- 0.942421555519104
2022-04-15 11:40:44,234 - agents.Base_Agent - INFO - Loss -- -1.0979920625686646
2022-04-15 11:40:44,235 - agents.Base_Agent - INFO - Loss -- -0.0
2022-04-15 11:40:45,003 - agents.Base_Agent - INFO - Reseting game -- New start state [0. 0. 0. 0. 0. 0. 0. 0. 0. 0. 0. 0. 0.]
2022-04-15 11:41:16,763 - agents.Base_Agent - INFO - Loss -- 0.7742487192153931
2022-04-15 11:41:16,764 - agents.Base_Agent - INFO - Loss -- 0.7949643135070801
2022-04-15 11:41:16,765 - agents.Base_Agent - INFO - Loss -- -1.081200361251831
2022-04-15 11:41:16,766 - agents.Base_Agent - INFO - Loss -- 0.00010348093928769231
2022-04-15 11:41:53,080 - agents.Base_Agent - INFO - Loss -- 0.7583385109901428
2022-04-15 11:41:53,081 - agents.Base_Agent - INFO - Loss -- 0.7663737535476685
2022-04-15 11:41:53,082 - agents.Base_Agent - INFO - Loss -- -1.1483845710754395
2022-04-15 11:41:53,083 - agents.Base_Agent - INFO - Loss -- -0.0002039538521785289
2022-04-15 11:42:25,058 - agents.Base_Agent - INFO - Loss -- 0.6765879392623901
2022-04-15 11:42:25,059 - agents.Base_Agent - INFO - Loss -- 0.6847095489501953
2022-04-15 11:42:25,061 - agents.Base_Agent - INFO - Loss -- -1.177675724029541
2022-04-15 11:42:25,061 - agents.Base_Agent - INFO - Loss -- -0.0002948865294456482
2022-04-15 11:42:56,441 - agents.Base_Agent - INFO - Loss -- 0.6254532337188721
2022-04-15 11:42:56,441 - agents.Base_Agent - INFO - Loss -- 0.5942165851593018
2022-04-15 11:42:56,443 - agents.Base_Agent - INFO - Loss -- -1.1853327751159668
2022-04-15 11:42:56,444 - agents.Base_Agent - INFO - Loss -- -0.0002846258576028049
2022-04-15 11:42:57,196 - agents.Base_Agent - INFO - Reseting game -- New start state [0. 0. 0. 0. 0. 0. 0. 0. 0. 0. 0. 0. 0.]
2022-04-15 11:43:35,401 - agents.Base_Agent - INFO - Loss -- 0.6648632884025574
2022-04-15 11:43:35,401 - agents.Base_Agent - INFO - Loss -- 0.6783341765403748
2022-04-15 11:43:35,403 - agents.Base_Agent - INFO - Loss -- -1.2189987897872925
2022-04-15 11:43:35,404 - agents.Base_Agent - INFO - Loss -- -0.00026730529498308897
2022-04-15 11:44:12,898 - agents.Base_Agent - INFO - Loss -- 0.5501082539558411
2022-04-15 11:44:12,899 - agents.Base_Agent - INFO - Loss -- 0.6344830393791199
2022-04-15 11:44:12,901 - agents.Base_Agent - INFO - Loss -- -1.1877049207687378
2022-04-15 11:44:12,901 - agents.Base_Agent - INFO - Loss -- -0.00043116603046655655
2022-04-15 11:44:47,672 - agents.Base_Agent - INFO - Loss -- 0.5697506070137024
2022-04-15 11:44:47,673 - agents.Base_Agent - INFO - Loss -- 0.5504782199859619
2022-04-15 11:44:47,675 - agents.Base_Agent - INFO - Loss -- -1.2545379400253296
2022-04-15 11:44:47,675 - agents.Base_Agent - INFO - Loss -- -0.0007803080370649695
2022-04-15 11:45:20,762 - agents.Base_Agent - INFO - Loss -- 0.5216097831726074
2022-04-15 11:45:20,763 - agents.Base_Agent - INFO - Loss -- 0.4685169756412506
2022-04-15 11:45:20,765 - agents.Base_Agent - INFO - Loss -- -1.2913994789123535
2022-04-15 11:45:20,765 - agents.Base_Agent - INFO - Loss -- -0.0008046771981753409
2022-04-15 11:45:21,535 - agents.Base_Agent - INFO - Reseting game -- New start state [0. 0. 0. 0. 0. 0. 0. 0. 0. 0. 0. 0. 0.]
2022-04-15 11:45:54,427 - agents.Base_Agent - INFO - Loss -- 0.43952590227127075
2022-04-15 11:45:54,428 - agents.Base_Agent - INFO - Loss -- 0.4284023344516754
2022-04-15 11:45:54,430 - agents.Base_Agent - INFO - Loss -- -1.2941924333572388
2022-04-15 11:45:54,430 - agents.Base_Agent - INFO - Loss -- -0.000980217824690044
2022-04-15 11:46:30,955 - agents.Base_Agent - INFO - Loss -- 0.3884313106536865
2022-04-15 11:46:30,955 - agents.Base_Agent - INFO - Loss -- 0.350647509098053
2022-04-15 11:46:30,957 - agents.Base_Agent - INFO - Loss -- -1.3081640005111694
2022-04-15 11:46:30,958 - agents.Base_Agent - INFO - Loss -- -0.0010845549404621124
2022-04-15 11:47:08,330 - agents.Base_Agent - INFO - Loss -- 0.35105088353157043
2022-04-15 11:47:08,330 - agents.Base_Agent - INFO - Loss -- 0.35838913917541504
2022-04-15 11:47:08,332 - agents.Base_Agent - INFO - Loss -- -1.3579250574111938
2022-04-15 11:47:08,333 - agents.Base_Agent - INFO - Loss -- -0.0013903563376516104
2022-04-15 11:47:39,907 - agents.Base_Agent - INFO - Loss -- 0.30173274874687195
2022-04-15 11:47:39,908 - agents.Base_Agent - INFO - Loss -- 0.32096636295318604
2022-04-15 11:47:39,910 - agents.Base_Agent - INFO - Loss -- -1.3491795063018799
2022-04-15 11:47:39,910 - agents.Base_Agent - INFO - Loss -- -0.0016634817002341151
2022-04-15 11:47:40,664 - agents.Base_Agent - INFO - Reseting game -- New start state [0. 0. 0. 0. 0. 0. 0. 0. 0. 0. 0. 0. 0.]
2022-04-15 11:48:13,209 - agents.Base_Agent - INFO - Loss -- 0.289372980594635
2022-04-15 11:48:13,210 - agents.Base_Agent - INFO - Loss -- 0.2405456304550171
2022-04-15 11:48:13,212 - agents.Base_Agent - INFO - Loss -- -1.3799638748168945
2022-04-15 11:48:13,212 - agents.Base_Agent - INFO - Loss -- -0.0017373042646795511
2022-04-15 11:48:46,304 - agents.Base_Agent - INFO - Loss -- 0.2694953382015228
2022-04-15 11:48:46,304 - agents.Base_Agent - INFO - Loss -- 0.3116711974143982
2022-04-15 11:48:46,306 - agents.Base_Agent - INFO - Loss -- -1.3697049617767334
2022-04-15 11:48:46,307 - agents.Base_Agent - INFO - Loss -- -0.0019887264352291822
2022-04-15 11:49:19,677 - agents.Base_Agent - INFO - Loss -- 0.22952114045619965
2022-04-15 11:49:19,678 - agents.Base_Agent - INFO - Loss -- 0.18708407878875732
2022-04-15 11:49:19,680 - agents.Base_Agent - INFO - Loss -- -1.4271172285079956
2022-04-15 11:49:19,680 - agents.Base_Agent - INFO - Loss -- -0.0021230352576822042
2022-04-15 11:49:55,245 - agents.Base_Agent - INFO - Loss -- 0.18839280307292938
2022-04-15 11:49:55,246 - agents.Base_Agent - INFO - Loss -- 0.2160399854183197
2022-04-15 11:49:55,247 - agents.Base_Agent - INFO - Loss -- -1.410982370376587
2022-04-15 11:49:55,248 - agents.Base_Agent - INFO - Loss -- -0.0019798490684479475
2022-04-15 11:49:56,011 - agents.Base_Agent - INFO - Reseting game -- New start state [0. 0. 0. 0. 0. 0. 0. 0. 0. 0. 0. 0. 0.]
2022-04-15 11:50:28,196 - agents.Base_Agent - INFO - Loss -- 0.19717492163181305
2022-04-15 11:50:28,197 - agents.Base_Agent - INFO - Loss -- 0.14460548758506775
2022-04-15 11:50:28,199 - agents.Base_Agent - INFO - Loss -- -1.4372352361679077
2022-04-15 11:50:28,199 - agents.Base_Agent - INFO - Loss -- -0.0024311349261552095
2022-04-15 11:51:01,046 - agents.Base_Agent - INFO - Loss -- 0.127179816365242
2022-04-15 11:51:01,047 - agents.Base_Agent - INFO - Loss -- 0.11327684670686722
2022-04-15 11:51:01,048 - agents.Base_Agent - INFO - Loss -- -1.42831552028656
2022-04-15 11:51:01,049 - agents.Base_Agent - INFO - Loss -- -0.0025211749598383904
2022-04-15 11:51:35,127 - agents.Base_Agent - INFO - Loss -- 0.10631075501441956
2022-04-15 11:51:35,128 - agents.Base_Agent - INFO - Loss -- 0.12090598791837692
2022-04-15 11:51:35,130 - agents.Base_Agent - INFO - Loss -- -1.4289103746414185
2022-04-15 11:51:35,130 - agents.Base_Agent - INFO - Loss -- -0.0027624163776636124
2022-04-15 11:52:09,129 - agents.Base_Agent - INFO - Loss -- 0.0980999767780304
2022-04-15 11:52:09,130 - agents.Base_Agent - INFO - Loss -- 0.06937342882156372
2022-04-15 11:52:09,131 - agents.Base_Agent - INFO - Loss -- -1.4985769987106323
2022-04-15 11:52:09,132 - agents.Base_Agent - INFO - Loss -- -0.0031738097313791513
2022-04-15 11:52:09,979 - agents.Base_Agent - INFO - Reseting game -- New start state [0. 0. 0. 0. 0. 0. 0. 0. 0. 0. 0. 0. 0.]
2022-04-15 11:52:41,369 - agents.Base_Agent - INFO - Loss -- 0.05852339416742325
2022-04-15 11:52:41,370 - agents.Base_Agent - INFO - Loss -- 0.05395262688398361
2022-04-15 11:52:41,371 - agents.Base_Agent - INFO - Loss -- -1.5137050151824951
2022-04-15 11:52:41,372 - agents.Base_Agent - INFO - Loss -- -0.003356781555339694
2022-04-15 11:53:13,283 - agents.Base_Agent - INFO - Loss -- 0.08484786748886108
2022-04-15 11:53:13,284 - agents.Base_Agent - INFO - Loss -- 0.07119107991456985
2022-04-15 11:53:13,285 - agents.Base_Agent - INFO - Loss -- -1.4960136413574219
2022-04-15 11:53:13,286 - agents.Base_Agent - INFO - Loss -- -0.0030888188630342484
2022-04-15 11:53:44,479 - agents.Base_Agent - INFO - Loss -- 0.03871419280767441
2022-04-15 11:53:44,479 - agents.Base_Agent - INFO - Loss -- 0.04133256897330284
2022-04-15 11:53:44,481 - agents.Base_Agent - INFO - Loss -- -1.5460054874420166
2022-04-15 11:53:44,482 - agents.Base_Agent - INFO - Loss -- -0.0034514497965574265
2022-04-15 11:54:15,486 - agents.Base_Agent - INFO - Loss -- 0.050809260457754135
2022-04-15 11:54:15,486 - agents.Base_Agent - INFO - Loss -- 0.05927082523703575
2022-04-15 11:54:15,488 - agents.Base_Agent - INFO - Loss -- -1.5142056941986084
2022-04-15 11:54:15,489 - agents.Base_Agent - INFO - Loss -- -0.00326708285138011
2022-04-15 11:54:15,880 - agents.Base_Agent - INFO - Reseting game -- New start state [0. 0. 0. 0. 0. 0. 0. 0. 0. 0. 0. 0. 0.]
2022-04-15 11:54:47,077 - agents.Base_Agent - INFO - Loss -- 0.07105600833892822
2022-04-15 11:54:47,078 - agents.Base_Agent - INFO - Loss -- 0.05325879529118538
2022-04-15 11:54:47,080 - agents.Base_Agent - INFO - Loss -- -1.5043061971664429
2022-04-15 11:54:47,081 - agents.Base_Agent - INFO - Loss -- -0.0032643708400428295
2022-04-15 11:55:21,066 - agents.Base_Agent - INFO - Loss -- 0.03204116225242615
2022-04-15 11:55:21,067 - agents.Base_Agent - INFO - Loss -- 0.047519877552986145
2022-04-15 11:55:21,069 - agents.Base_Agent - INFO - Loss -- -1.5110652446746826
2022-04-15 11:55:21,070 - agents.Base_Agent - INFO - Loss -- -0.003584572346881032
2022-04-15 11:55:54,479 - agents.Base_Agent - INFO - Loss -- 0.03349585831165314
2022-04-15 11:55:54,480 - agents.Base_Agent - INFO - Loss -- 0.04919787496328354
2022-04-15 11:55:54,481 - agents.Base_Agent - INFO - Loss -- -1.520095944404602
2022-04-15 11:55:54,482 - agents.Base_Agent - INFO - Loss -- -0.00385238416492939
2022-04-15 11:56:26,114 - agents.Base_Agent - INFO - Loss -- 0.023995429277420044
2022-04-15 11:56:26,114 - agents.Base_Agent - INFO - Loss -- 0.038846585899591446
2022-04-15 11:56:26,116 - agents.Base_Agent - INFO - Loss -- -1.5627737045288086
2022-04-15 11:56:26,117 - agents.Base_Agent - INFO - Loss -- -0.004582286812365055
2022-04-15 11:56:26,202 - agents.Base_Agent - INFO - Reseting game -- New start state [0. 0. 0. 0. 0. 0. 0. 0. 0. 0. 0. 0. 0.]
2022-04-15 11:56:57,004 - agents.Base_Agent - INFO - Loss -- 0.023398278281092644
2022-04-15 11:56:57,004 - agents.Base_Agent - INFO - Loss -- 0.054401591420173645
2022-04-15 11:56:57,006 - agents.Base_Agent - INFO - Loss -- -1.5225356817245483
2022-04-15 11:56:57,007 - agents.Base_Agent - INFO - Loss -- -0.00429111160337925
2022-04-15 11:57:32,651 - agents.Base_Agent - INFO - Loss -- 0.02370256744325161
2022-04-15 11:57:32,652 - agents.Base_Agent - INFO - Loss -- 0.02580450102686882
2022-04-15 11:57:32,654 - agents.Base_Agent - INFO - Loss -- -1.5685840845108032
2022-04-15 11:57:32,655 - agents.Base_Agent - INFO - Loss -- -0.0049045877531170845
2022-04-15 11:58:05,430 - agents.Base_Agent - INFO - Loss -- 0.024105139076709747
2022-04-15 11:58:05,431 - agents.Base_Agent - INFO - Loss -- 0.03689911216497421
2022-04-15 11:58:05,432 - agents.Base_Agent - INFO - Loss -- -1.5521225929260254
2022-04-15 11:58:05,433 - agents.Base_Agent - INFO - Loss -- -0.0050434330478310585
2022-04-15 11:58:43,523 - agents.Base_Agent - INFO - Loss -- 0.022820593789219856
2022-04-15 11:58:43,524 - agents.Base_Agent - INFO - Loss -- 0.03789258003234863
2022-04-15 11:58:43,526 - agents.Base_Agent - INFO - Loss -- -1.5573543310165405
2022-04-15 11:58:43,526 - agents.Base_Agent - INFO - Loss -- -0.005819880403578281
2022-04-15 11:58:43,621 - agents.Base_Agent - INFO - Reseting game -- New start state [0. 0. 0. 0. 0. 0. 0. 0. 0. 0. 0. 0. 0.]
2022-04-15 11:59:22,666 - agents.Base_Agent - INFO - Loss -- 0.021696876734495163
2022-04-15 11:59:22,667 - agents.Base_Agent - INFO - Loss -- 0.03667287901043892
2022-04-15 11:59:22,669 - agents.Base_Agent - INFO - Loss -- -1.4970340728759766
2022-04-15 11:59:22,670 - agents.Base_Agent - INFO - Loss -- -0.005351672880351543
2022-04-15 12:00:01,338 - agents.Base_Agent - INFO - Loss -- 0.014885767363011837
2022-04-15 12:00:01,339 - agents.Base_Agent - INFO - Loss -- 0.0268502589315176
2022-04-15 12:00:01,343 - agents.Base_Agent - INFO - Loss -- -1.6323601007461548
2022-04-15 12:00:01,344 - agents.Base_Agent - INFO - Loss -- -0.006323331035673618
2022-04-15 12:00:39,104 - agents.Base_Agent - INFO - Loss -- 0.016879133880138397
2022-04-15 12:00:39,105 - agents.Base_Agent - INFO - Loss -- 0.023368779569864273
2022-04-15 12:00:39,108 - agents.Base_Agent - INFO - Loss -- -1.6131895780563354
2022-04-15 12:00:39,108 - agents.Base_Agent - INFO - Loss -- -0.006289512384682894
2022-04-15 12:01:25,756 - agents.Base_Agent - INFO - Loss -- 0.012672509998083115
2022-04-15 12:01:25,757 - agents.Base_Agent - INFO - Loss -- 0.008807219564914703
2022-04-15 12:01:25,759 - agents.Base_Agent - INFO - Loss -- -1.5645021200180054
2022-04-15 12:01:25,759 - agents.Base_Agent - INFO - Loss -- -0.005953790619969368
2022-04-15 12:01:25,851 - agents.Base_Agent - INFO - Reseting game -- New start state [0. 0. 0. 0. 0. 0. 0. 0. 0. 0. 0. 0. 0.]
2022-04-15 12:02:03,909 - agents.Base_Agent - INFO - Loss -- 0.018903696909546852
2022-04-15 12:02:03,910 - agents.Base_Agent - INFO - Loss -- 0.03246399387717247
2022-04-15 12:02:03,912 - agents.Base_Agent - INFO - Loss -- -1.609876275062561
2022-04-15 12:02:03,912 - agents.Base_Agent - INFO - Loss -- -0.0064627365209162235
2022-04-15 12:02:45,801 - agents.Base_Agent - INFO - Loss -- 0.00571361742913723
2022-04-15 12:02:45,803 - agents.Base_Agent - INFO - Loss -- 0.02542446181178093
2022-04-15 12:02:45,805 - agents.Base_Agent - INFO - Loss -- -1.5599408149719238
2022-04-15 12:02:45,807 - agents.Base_Agent - INFO - Loss -- -0.006157895550131798
2022-04-15 12:03:28,636 - agents.Base_Agent - INFO - Loss -- 0.016271546483039856
2022-04-15 12:03:28,637 - agents.Base_Agent - INFO - Loss -- 0.03667628765106201
2022-04-15 12:03:28,639 - agents.Base_Agent - INFO - Loss -- -1.5655068159103394
2022-04-15 12:03:28,639 - agents.Base_Agent - INFO - Loss -- -0.0065816789865493774
2022-04-15 12:04:03,642 - agents.Base_Agent - INFO - Loss -- 0.02778426557779312
2022-04-15 12:04:03,642 - agents.Base_Agent - INFO - Loss -- 0.04076720401644707
2022-04-15 12:04:03,644 - agents.Base_Agent - INFO - Loss -- -1.6219379901885986
2022-04-15 12:04:03,645 - agents.Base_Agent - INFO - Loss -- -0.0072151655331254005
2022-04-15 12:04:03,736 - agents.Base_Agent - INFO - Reseting game -- New start state [0. 0. 0. 0. 0. 0. 0. 0. 0. 0. 0. 0. 0.]
2022-04-15 12:04:39,237 - agents.Base_Agent - INFO - Loss -- 0.019375797361135483
2022-04-15 12:04:39,238 - agents.Base_Agent - INFO - Loss -- 0.02875400520861149
2022-04-15 12:04:39,240 - agents.Base_Agent - INFO - Loss -- -1.5855817794799805
2022-04-15 12:04:39,240 - agents.Base_Agent - INFO - Loss -- -0.0068837120197713375
2022-04-15 12:05:19,901 - agents.Base_Agent - INFO - Loss -- 0.01413803081959486
2022-04-15 12:05:19,901 - agents.Base_Agent - INFO - Loss -- 0.024919362738728523
2022-04-15 12:05:19,903 - agents.Base_Agent - INFO - Loss -- -1.5858912467956543
2022-04-15 12:05:19,904 - agents.Base_Agent - INFO - Loss -- -0.007610934786498547
2022-04-15 12:06:02,144 - agents.Base_Agent - INFO - Loss -- 0.026516783982515335
2022-04-15 12:06:02,145 - agents.Base_Agent - INFO - Loss -- 0.025021571666002274
2022-04-15 12:06:02,148 - agents.Base_Agent - INFO - Loss -- -1.5307302474975586
2022-04-15 12:06:02,149 - agents.Base_Agent - INFO - Loss -- -0.007231074385344982
2022-04-15 12:06:45,938 - agents.Base_Agent - INFO - Loss -- 0.021846303716301918
2022-04-15 12:06:45,939 - agents.Base_Agent - INFO - Loss -- 0.04087475314736366
2022-04-15 12:06:45,941 - agents.Base_Agent - INFO - Loss -- -1.5513092279434204
2022-04-15 12:06:45,941 - agents.Base_Agent - INFO - Loss -- -0.00781408604234457
2022-04-15 12:06:46,038 - agents.Base_Agent - INFO - Reseting game -- New start state [0. 0. 0. 0. 0. 0. 0. 0. 0. 0. 0. 0. 0.]
2022-04-15 12:07:29,961 - agents.Base_Agent - INFO - Loss -- 0.015825994312763214
2022-04-15 12:07:29,962 - agents.Base_Agent - INFO - Loss -- 0.012606387957930565
2022-04-15 12:07:29,965 - agents.Base_Agent - INFO - Loss -- -1.501827359199524
2022-04-15 12:07:29,966 - agents.Base_Agent - INFO - Loss -- -0.007492799777537584
2022-04-15 12:08:09,001 - agents.Base_Agent - INFO - Loss -- 0.022286541759967804
2022-04-15 12:08:09,001 - agents.Base_Agent - INFO - Loss -- 0.026952112093567848
2022-04-15 12:08:09,004 - agents.Base_Agent - INFO - Loss -- -1.5034948587417603
2022-04-15 12:08:09,005 - agents.Base_Agent - INFO - Loss -- -0.0074407490901649
2022-04-15 12:08:49,303 - agents.Base_Agent - INFO - Loss -- 0.029271842911839485
2022-04-15 12:08:49,304 - agents.Base_Agent - INFO - Loss -- 0.03733891621232033
2022-04-15 12:08:49,306 - agents.Base_Agent - INFO - Loss -- -1.5418790578842163
2022-04-15 12:08:49,306 - agents.Base_Agent - INFO - Loss -- -0.008684172295033932
2022-04-15 12:09:30,752 - agents.Base_Agent - INFO - Loss -- 0.0216218251734972
2022-04-15 12:09:30,753 - agents.Base_Agent - INFO - Loss -- 0.030002398416399956
2022-04-15 12:09:30,754 - agents.Base_Agent - INFO - Loss -- -1.4908808469772339
2022-04-15 12:09:30,755 - agents.Base_Agent - INFO - Loss -- -0.00815576035529375
2022-04-15 12:09:30,850 - agents.Base_Agent - INFO - Reseting game -- New start state [0. 0. 0. 0. 0. 0. 0. 0. 0. 0. 0. 0. 0.]
2022-04-15 12:10:07,968 - agents.Base_Agent - INFO - Loss -- 0.023312054574489594
2022-04-15 12:10:07,969 - agents.Base_Agent - INFO - Loss -- 0.025583000853657722
2022-04-15 12:10:07,970 - agents.Base_Agent - INFO - Loss -- -1.4753004312515259
2022-04-15 12:10:07,971 - agents.Base_Agent - INFO - Loss -- -0.008166423998773098
2022-04-15 12:10:45,604 - agents.Base_Agent - INFO - Loss -- 0.02169438824057579
2022-04-15 12:10:45,605 - agents.Base_Agent - INFO - Loss -- 0.030032290145754814
2022-04-15 12:10:45,607 - agents.Base_Agent - INFO - Loss -- -1.4787685871124268
2022-04-15 12:10:45,607 - agents.Base_Agent - INFO - Loss -- -0.009236864745616913
2022-04-15 12:11:24,041 - agents.Base_Agent - INFO - Loss -- 0.016063524410128593
2022-04-15 12:11:24,041 - agents.Base_Agent - INFO - Loss -- 0.026906028389930725
2022-04-15 12:11:24,043 - agents.Base_Agent - INFO - Loss -- -1.4388314485549927
2022-04-15 12:11:24,044 - agents.Base_Agent - INFO - Loss -- -0.009024053812026978
2022-04-15 12:12:04,356 - agents.Base_Agent - INFO - Loss -- 0.0163371991366148
2022-04-15 12:12:04,356 - agents.Base_Agent - INFO - Loss -- 0.020462606102228165
2022-04-15 12:12:04,358 - agents.Base_Agent - INFO - Loss -- -1.495326042175293
2022-04-15 12:12:04,359 - agents.Base_Agent - INFO - Loss -- -0.009748578071594238
2022-04-15 12:12:04,447 - agents.Base_Agent - INFO - Reseting game -- New start state [0. 0. 0. 0. 0. 0. 0. 0. 0. 0. 0. 0. 0.]
2022-04-15 12:12:43,433 - agents.Base_Agent - INFO - Loss -- 0.019589021801948547
2022-04-15 12:12:43,434 - agents.Base_Agent - INFO - Loss -- 0.031222455203533173
2022-04-15 12:12:43,436 - agents.Base_Agent - INFO - Loss -- -1.3910186290740967
2022-04-15 12:12:43,436 - agents.Base_Agent - INFO - Loss -- -0.009264014661312103
2022-04-15 12:13:22,495 - agents.Base_Agent - INFO - Loss -- 0.023040413856506348
2022-04-15 12:13:22,496 - agents.Base_Agent - INFO - Loss -- 0.027701007202267647
2022-04-15 12:13:22,498 - agents.Base_Agent - INFO - Loss -- -1.385634183883667
2022-04-15 12:13:22,499 - agents.Base_Agent - INFO - Loss -- -0.009110014885663986
2022-04-15 12:14:00,629 - agents.Base_Agent - INFO - Loss -- 0.010318021290004253
2022-04-15 12:14:00,630 - agents.Base_Agent - INFO - Loss -- 0.020650960505008698
2022-04-15 12:14:00,633 - agents.Base_Agent - INFO - Loss -- -1.3709521293640137
2022-04-15 12:14:00,633 - agents.Base_Agent - INFO - Loss -- -0.009458168409764767
2022-04-15 12:14:40,630 - agents.Base_Agent - INFO - Loss -- 0.006321633234620094
2022-04-15 12:14:40,630 - agents.Base_Agent - INFO - Loss -- 0.01917235367000103
2022-04-15 12:14:40,633 - agents.Base_Agent - INFO - Loss -- -1.3627583980560303
2022-04-15 12:14:40,634 - agents.Base_Agent - INFO - Loss -- -0.009302636608481407
2022-04-15 12:14:40,731 - agents.Base_Agent - INFO - Reseting game -- New start state [0. 0. 0. 0. 0. 0. 0. 0. 0. 0. 0. 0. 0.]
2022-04-15 12:15:16,689 - agents.Base_Agent - INFO - Loss -- 0.0163669902831316
2022-04-15 12:15:16,690 - agents.Base_Agent - INFO - Loss -- 0.021409252658486366
2022-04-15 12:15:16,692 - agents.Base_Agent - INFO - Loss -- -1.3818764686584473
2022-04-15 12:15:16,693 - agents.Base_Agent - INFO - Loss -- -0.010130134411156178
2022-04-15 12:15:57,475 - agents.Base_Agent - INFO - Loss -- 0.015440275892615318
2022-04-15 12:15:57,476 - agents.Base_Agent - INFO - Loss -- 0.020935479551553726
2022-04-15 12:15:57,478 - agents.Base_Agent - INFO - Loss -- -1.3697583675384521
2022-04-15 12:15:57,478 - agents.Base_Agent - INFO - Loss -- -0.01054451335221529
2022-04-15 12:16:37,976 - agents.Base_Agent - INFO - Loss -- 0.009949183091521263
2022-04-15 12:16:37,978 - agents.Base_Agent - INFO - Loss -- 0.012549390085041523
2022-04-15 12:16:37,980 - agents.Base_Agent - INFO - Loss -- -1.3518610000610352
2022-04-15 12:16:37,981 - agents.Base_Agent - INFO - Loss -- -0.010831432417035103
2022-04-15 12:17:15,536 - agents.Base_Agent - INFO - Loss -- 0.011098421178758144
2022-04-15 12:17:15,537 - agents.Base_Agent - INFO - Loss -- 0.019915897399187088
2022-04-15 12:17:15,539 - agents.Base_Agent - INFO - Loss -- -1.3312946557998657
2022-04-15 12:17:15,539 - agents.Base_Agent - INFO - Loss -- -0.010555591434240341
2022-04-15 12:17:15,624 - agents.Base_Agent - INFO - Reseting game -- New start state [0. 0. 0. 0. 0. 0. 0. 0. 0. 0. 0. 0. 0.]
2022-04-15 12:17:47,767 - agents.Base_Agent - INFO - Loss -- 0.007262678816914558
2022-04-15 12:17:47,768 - agents.Base_Agent - INFO - Loss -- 0.013067224994301796
2022-04-15 12:17:47,770 - agents.Base_Agent - INFO - Loss -- -1.3430185317993164
2022-04-15 12:17:47,771 - agents.Base_Agent - INFO - Loss -- -0.011057103984057903
2022-04-15 12:18:19,545 - agents.Base_Agent - INFO - Loss -- 0.01123862899839878
2022-04-15 12:18:19,545 - agents.Base_Agent - INFO - Loss -- 0.016369950026273727
2022-04-15 12:18:19,547 - agents.Base_Agent - INFO - Loss -- -1.3008588552474976
2022-04-15 12:18:19,548 - agents.Base_Agent - INFO - Loss -- -0.01085585169494152
2022-04-15 12:18:51,022 - agents.Base_Agent - INFO - Loss -- 0.01225745864212513
2022-04-15 12:18:51,022 - agents.Base_Agent - INFO - Loss -- 0.016769051551818848
2022-04-15 12:18:51,024 - agents.Base_Agent - INFO - Loss -- -1.328458547592163
2022-04-15 12:18:51,025 - agents.Base_Agent - INFO - Loss -- -0.012345531955361366
2022-04-15 12:19:24,189 - agents.Base_Agent - INFO - Loss -- 0.009119769558310509
2022-04-15 12:19:24,190 - agents.Base_Agent - INFO - Loss -- 0.019341662526130676
2022-04-15 12:19:24,192 - agents.Base_Agent - INFO - Loss -- -1.2364380359649658
2022-04-15 12:19:24,192 - agents.Base_Agent - INFO - Loss -- -0.01122051291167736
2022-04-15 12:19:24,611 - agents.Base_Agent - INFO - Reseting game -- New start state [0. 0. 0. 0. 0. 0. 0. 0. 0. 0. 0. 0. 0.]
2022-04-15 12:19:57,462 - agents.Base_Agent - INFO - Loss -- 0.007814470678567886
2022-04-15 12:19:57,462 - agents.Base_Agent - INFO - Loss -- 0.013807995244860649
2022-04-15 12:19:57,464 - agents.Base_Agent - INFO - Loss -- -1.2912051677703857
2022-04-15 12:19:57,465 - agents.Base_Agent - INFO - Loss -- -0.011746282689273357
2022-04-15 12:20:30,875 - agents.Base_Agent - INFO - Loss -- 0.004489067941904068
2022-04-15 12:20:30,876 - agents.Base_Agent - INFO - Loss -- 0.009783344343304634
2022-04-15 12:20:30,878 - agents.Base_Agent - INFO - Loss -- -1.2713524103164673
2022-04-15 12:20:30,879 - agents.Base_Agent - INFO - Loss -- -0.011695558205246925
2022-04-15 12:21:03,517 - agents.Base_Agent - INFO - Loss -- 0.007258199155330658
2022-04-15 12:21:03,518 - agents.Base_Agent - INFO - Loss -- 0.0054305968806147575
2022-04-15 12:21:03,520 - agents.Base_Agent - INFO - Loss -- -1.2482101917266846
2022-04-15 12:21:03,520 - agents.Base_Agent - INFO - Loss -- -0.012043232098221779
2022-04-15 12:21:38,322 - agents.Base_Agent - INFO - Loss -- 0.006385741755366325
2022-04-15 12:21:38,323 - agents.Base_Agent - INFO - Loss -- 0.012132885865867138
2022-04-15 12:21:38,325 - agents.Base_Agent - INFO - Loss -- -1.2563519477844238
2022-04-15 12:21:38,326 - agents.Base_Agent - INFO - Loss -- -0.013147231191396713
2022-04-15 12:21:38,411 - agents.Base_Agent - INFO - Reseting game -- New start state [0. 0. 0. 0. 0. 0. 0. 0. 0. 0. 0. 0. 0.]
2022-04-15 12:22:11,962 - agents.Base_Agent - INFO - Loss -- 0.007417996879667044
2022-04-15 12:22:11,963 - agents.Base_Agent - INFO - Loss -- 0.009543175809085369
2022-04-15 12:22:11,965 - agents.Base_Agent - INFO - Loss -- -1.2277565002441406
2022-04-15 12:22:11,965 - agents.Base_Agent - INFO - Loss -- -0.013533721677958965
2022-04-15 12:22:51,685 - agents.Base_Agent - INFO - Loss -- 0.011767024174332619
2022-04-15 12:22:51,686 - agents.Base_Agent - INFO - Loss -- 0.009519621729850769
2022-04-15 12:22:51,688 - agents.Base_Agent - INFO - Loss -- -1.1702959537506104
2022-04-15 12:22:51,689 - agents.Base_Agent - INFO - Loss -- -0.013301118277013302
2022-04-15 12:23:26,474 - agents.Base_Agent - INFO - Loss -- 0.0034816961269825697
2022-04-15 12:23:26,475 - agents.Base_Agent - INFO - Loss -- 0.009801232255995274
2022-04-15 12:23:26,477 - agents.Base_Agent - INFO - Loss -- -1.1926169395446777
2022-04-15 12:23:26,478 - agents.Base_Agent - INFO - Loss -- -0.01340495515614748
2022-04-15 12:24:00,531 - agents.Base_Agent - INFO - Loss -- 0.006449864245951176
2022-04-15 12:24:00,532 - agents.Base_Agent - INFO - Loss -- 0.010080699808895588
2022-04-15 12:24:00,534 - agents.Base_Agent - INFO - Loss -- -1.1807290315628052
2022-04-15 12:24:00,535 - agents.Base_Agent - INFO - Loss -- -0.013146363198757172
2022-04-15 12:24:00,623 - agents.Base_Agent - INFO - Reseting game -- New start state [0. 0. 0. 0. 0. 0. 0. 0. 0. 0. 0. 0. 0.]
2022-04-15 12:24:32,961 - agents.Base_Agent - INFO - Loss -- 0.00447158282622695
2022-04-15 12:24:32,962 - agents.Base_Agent - INFO - Loss -- 0.007894860580563545
2022-04-15 12:24:32,965 - agents.Base_Agent - INFO - Loss -- -1.1869399547576904
2022-04-15 12:24:32,966 - agents.Base_Agent - INFO - Loss -- -0.01377970539033413
2022-04-15 12:25:09,775 - agents.Base_Agent - INFO - Loss -- 0.006174194626510143
2022-04-15 12:25:09,775 - agents.Base_Agent - INFO - Loss -- 0.014377676881849766
2022-04-15 12:25:09,777 - agents.Base_Agent - INFO - Loss -- -1.193359613418579
2022-04-15 12:25:09,778 - agents.Base_Agent - INFO - Loss -- -0.014741680584847927
2022-04-15 12:25:42,797 - agents.Base_Agent - INFO - Loss -- 0.0029515335336327553
2022-04-15 12:25:42,798 - agents.Base_Agent - INFO - Loss -- 0.007081493269652128
2022-04-15 12:25:42,800 - agents.Base_Agent - INFO - Loss -- -1.1518447399139404
2022-04-15 12:25:42,801 - agents.Base_Agent - INFO - Loss -- -0.014657286927103996
2022-04-15 12:26:17,044 - agents.Base_Agent - INFO - Loss -- 0.002032458782196045
2022-04-15 12:26:17,045 - agents.Base_Agent - INFO - Loss -- 0.0031512025743722916
2022-04-15 12:26:17,047 - agents.Base_Agent - INFO - Loss -- -1.1399507522583008
2022-04-15 12:26:17,048 - agents.Base_Agent - INFO - Loss -- -0.013759511522948742
2022-04-15 12:26:17,141 - agents.Base_Agent - INFO - Reseting game -- New start state [0. 0. 0. 0. 0. 0. 0. 0. 0. 0. 0. 0. 0.]
2022-04-15 12:26:48,620 - agents.Base_Agent - INFO - Loss -- 0.00633930554613471
2022-04-15 12:26:48,621 - agents.Base_Agent - INFO - Loss -- 0.00921592116355896
2022-04-15 12:26:48,622 - agents.Base_Agent - INFO - Loss -- -1.1359871625900269
2022-04-15 12:26:48,623 - agents.Base_Agent - INFO - Loss -- -0.015181541442871094
2022-04-15 12:27:21,107 - agents.Base_Agent - INFO - Loss -- 0.005495677702128887
2022-04-15 12:27:21,108 - agents.Base_Agent - INFO - Loss -- 0.005855693016201258
2022-04-15 12:27:21,109 - agents.Base_Agent - INFO - Loss -- -1.1246718168258667
2022-04-15 12:27:21,110 - agents.Base_Agent - INFO - Loss -- -0.014996597543358803
2022-04-15 12:27:58,343 - agents.Base_Agent - INFO - Loss -- 0.004380734171718359
2022-04-15 12:27:58,344 - agents.Base_Agent - INFO - Loss -- 0.008497941307723522
2022-04-15 12:27:58,345 - agents.Base_Agent - INFO - Loss -- -1.1019067764282227
2022-04-15 12:27:58,346 - agents.Base_Agent - INFO - Loss -- -0.014559587463736534
2022-04-15 12:28:31,205 - agents.Base_Agent - INFO - Loss -- 0.008158142678439617
2022-04-15 12:28:31,206 - agents.Base_Agent - INFO - Loss -- 0.007832467555999756
2022-04-15 12:28:31,207 - agents.Base_Agent - INFO - Loss -- -1.1153004169464111
2022-04-15 12:28:31,208 - agents.Base_Agent - INFO - Loss -- -0.0143740801140666
2022-04-15 12:28:31,297 - agents.Base_Agent - INFO - Reseting game -- New start state [0. 0. 0. 0. 0. 0. 0. 0. 0. 0. 0. 0. 0.]
2022-04-15 12:29:02,265 - agents.Base_Agent - INFO - Loss -- 0.004516797140240669
2022-04-15 12:29:02,266 - agents.Base_Agent - INFO - Loss -- 0.0077032544650137424
2022-04-15 12:29:02,268 - agents.Base_Agent - INFO - Loss -- -1.09957754611969
2022-04-15 12:29:02,269 - agents.Base_Agent - INFO - Loss -- -0.014375478960573673
2022-04-15 12:29:38,576 - agents.Base_Agent - INFO - Loss -- 0.0038113724440336227
2022-04-15 12:29:38,576 - agents.Base_Agent - INFO - Loss -- 0.008671341463923454
2022-04-15 12:29:38,578 - agents.Base_Agent - INFO - Loss -- -1.07235848903656
2022-04-15 12:29:38,579 - agents.Base_Agent - INFO - Loss -- -0.0156068941578269
2022-04-15 12:30:12,514 - agents.Base_Agent - INFO - Loss -- 0.004814540036022663
2022-04-15 12:30:12,515 - agents.Base_Agent - INFO - Loss -- 0.006616995204240084
2022-04-15 12:30:12,516 - agents.Base_Agent - INFO - Loss -- -1.0985885858535767
2022-04-15 12:30:12,517 - agents.Base_Agent - INFO - Loss -- -0.014552879147231579
2022-04-15 12:30:44,696 - agents.Base_Agent - INFO - Loss -- 0.001327698235400021
2022-04-15 12:30:44,697 - agents.Base_Agent - INFO - Loss -- 0.002181188203394413
2022-04-15 12:30:44,698 - agents.Base_Agent - INFO - Loss -- -1.0904948711395264
2022-04-15 12:30:44,699 - agents.Base_Agent - INFO - Loss -- -0.015491930767893791
2022-04-15 12:30:44,770 - agents.Base_Agent - INFO - Reseting game -- New start state [0. 0. 0. 0. 0. 0. 0. 0. 0. 0. 0. 0. 0.]
2022-04-15 12:31:18,641 - agents.Base_Agent - INFO - Loss -- 0.003154619364067912
2022-04-15 12:31:18,642 - agents.Base_Agent - INFO - Loss -- 0.004900406114757061
2022-04-15 12:31:18,644 - agents.Base_Agent - INFO - Loss -- -1.0563457012176514
2022-04-15 12:31:18,645 - agents.Base_Agent - INFO - Loss -- -0.015571709722280502
2022-04-15 12:31:54,363 - agents.Base_Agent - INFO - Loss -- 0.007450765930116177
2022-04-15 12:31:54,364 - agents.Base_Agent - INFO - Loss -- 0.009238652884960175
2022-04-15 12:31:54,366 - agents.Base_Agent - INFO - Loss -- -1.0659700632095337
2022-04-15 12:31:54,367 - agents.Base_Agent - INFO - Loss -- -0.016581352800130844
2022-04-15 12:32:26,703 - agents.Base_Agent - INFO - Loss -- 0.002405512146651745
2022-04-15 12:32:26,704 - agents.Base_Agent - INFO - Loss -- 0.0038997468072921038
2022-04-15 12:32:26,706 - agents.Base_Agent - INFO - Loss -- -1.0639021396636963
2022-04-15 12:32:26,706 - agents.Base_Agent - INFO - Loss -- -0.01581568270921707
2022-04-15 12:32:58,590 - agents.Base_Agent - INFO - Loss -- 0.003393925726413727
2022-04-15 12:32:58,591 - agents.Base_Agent - INFO - Loss -- 0.008702482096850872
2022-04-15 12:32:58,593 - agents.Base_Agent - INFO - Loss -- -1.047823190689087
2022-04-15 12:32:58,594 - agents.Base_Agent - INFO - Loss -- -0.016001349315047264
2022-04-15 12:32:58,682 - agents.Base_Agent - INFO - Reseting game -- New start state [0. 0. 0. 0. 0. 0. 0. 0. 0. 0. 0. 0. 0.]
2022-04-15 12:33:30,645 - agents.Base_Agent - INFO - Loss -- 0.0068256133235991
2022-04-15 12:33:30,646 - agents.Base_Agent - INFO - Loss -- 0.008475511334836483
2022-04-15 12:33:30,648 - agents.Base_Agent - INFO - Loss -- -1.0630439519882202
2022-04-15 12:33:30,648 - agents.Base_Agent - INFO - Loss -- -0.016715167090296745
2022-04-15 12:34:00,916 - agents.Base_Agent - INFO - Loss -- 0.0025859614834189415
2022-04-15 12:34:00,917 - agents.Base_Agent - INFO - Loss -- 0.004194732755422592
2022-04-15 12:34:00,918 - agents.Base_Agent - INFO - Loss -- -1.0612225532531738
2022-04-15 12:34:00,919 - agents.Base_Agent - INFO - Loss -- -0.016376839950680733
2022-04-15 12:34:31,436 - agents.Base_Agent - INFO - Loss -- 0.003367350436747074
2022-04-15 12:34:31,437 - agents.Base_Agent - INFO - Loss -- 0.007590600289404392
2022-04-15 12:34:31,439 - agents.Base_Agent - INFO - Loss -- -1.0332095623016357
2022-04-15 12:34:31,439 - agents.Base_Agent - INFO - Loss -- -0.017407413572072983
2022-04-15 12:35:01,718 - agents.Base_Agent - INFO - Loss -- 0.008180822245776653
2022-04-15 12:35:01,719 - agents.Base_Agent - INFO - Loss -- 0.011910974979400635
2022-04-15 12:35:01,721 - agents.Base_Agent - INFO - Loss -- -1.0209362506866455
2022-04-15 12:35:01,722 - agents.Base_Agent - INFO - Loss -- -0.016097337007522583
2022-04-15 12:35:01,814 - agents.Base_Agent - INFO - Reseting game -- New start state [0. 0. 0. 0. 0. 0. 0. 0. 0. 0. 0. 0. 0.]
2022-04-15 12:35:34,382 - agents.Base_Agent - INFO - Loss -- 0.002667729975655675
2022-04-15 12:35:34,383 - agents.Base_Agent - INFO - Loss -- 0.0022566597908735275
2022-04-15 12:35:34,385 - agents.Base_Agent - INFO - Loss -- -1.031658411026001
2022-04-15 12:35:34,385 - agents.Base_Agent - INFO - Loss -- -0.016280721873044968
2022-04-15 12:36:11,323 - agents.Base_Agent - INFO - Loss -- 0.0017052039038389921
2022-04-15 12:36:11,324 - agents.Base_Agent - INFO - Loss -- 0.0023367537651211023
2022-04-15 12:36:11,325 - agents.Base_Agent - INFO - Loss -- -1.0160889625549316
2022-04-15 12:36:11,326 - agents.Base_Agent - INFO - Loss -- -0.018311234191060066
2022-04-15 12:36:47,041 - agents.Base_Agent - INFO - Loss -- 0.0026400196366012096
2022-04-15 12:36:47,043 - agents.Base_Agent - INFO - Loss -- 0.006922927685081959
2022-04-15 12:36:47,046 - agents.Base_Agent - INFO - Loss -- -1.0264397859573364
2022-04-15 12:36:47,047 - agents.Base_Agent - INFO - Loss -- -0.017785947769880295
2022-04-15 12:37:19,944 - agents.Base_Agent - INFO - Loss -- 0.001226792111992836
2022-04-15 12:37:19,944 - agents.Base_Agent - INFO - Loss -- 0.0028735792730003595
2022-04-15 12:37:19,947 - agents.Base_Agent - INFO - Loss -- -1.0166456699371338
2022-04-15 12:37:19,947 - agents.Base_Agent - INFO - Loss -- -0.017443889752030373
2022-04-15 12:37:20,021 - agents.Base_Agent - INFO - Reseting game -- New start state [0. 0. 0. 0. 0. 0. 0. 0. 0. 0. 0. 0. 0.]
2022-04-15 12:37:51,121 - agents.Base_Agent - INFO - Loss -- 0.012580111622810364
2022-04-15 12:37:51,121 - agents.Base_Agent - INFO - Loss -- 0.011102760210633278
2022-04-15 12:37:51,123 - agents.Base_Agent - INFO - Loss -- -0.9927274584770203
2022-04-15 12:37:51,124 - agents.Base_Agent - INFO - Loss -- -0.019611205905675888
2022-04-15 12:38:35,359 - agents.Base_Agent - INFO - Loss -- 0.004474051762372255
2022-04-15 12:38:35,360 - agents.Base_Agent - INFO - Loss -- 0.003963791765272617
2022-04-15 12:38:35,361 - agents.Base_Agent - INFO - Loss -- -1.0152678489685059
2022-04-15 12:38:35,362 - agents.Base_Agent - INFO - Loss -- -0.01955777034163475
2022-04-15 12:39:09,528 - agents.Base_Agent - INFO - Loss -- 0.00243799714371562
2022-04-15 12:39:09,529 - agents.Base_Agent - INFO - Loss -- 0.0021223004441708326
2022-04-15 12:39:09,531 - agents.Base_Agent - INFO - Loss -- -0.9810935258865356
2022-04-15 12:39:09,531 - agents.Base_Agent - INFO - Loss -- -0.019726812839508057
2022-04-15 12:39:42,015 - agents.Base_Agent - INFO - Loss -- 0.005310267675668001
2022-04-15 12:39:42,016 - agents.Base_Agent - INFO - Loss -- 0.0066116852685809135
2022-04-15 12:39:42,018 - agents.Base_Agent - INFO - Loss -- -0.9792690873146057
2022-04-15 12:39:42,019 - agents.Base_Agent - INFO - Loss -- -0.01999417506158352
2022-04-15 12:39:42,108 - agents.Base_Agent - INFO - Reseting game -- New start state [0. 0. 0. 0. 0. 0. 0. 0. 0. 0. 0. 0. 0.]
2022-04-15 12:40:13,948 - agents.Base_Agent - INFO - Loss -- 0.0038108709268271923
2022-04-15 12:40:13,949 - agents.Base_Agent - INFO - Loss -- 0.003733324585482478
2022-04-15 12:40:13,950 - agents.Base_Agent - INFO - Loss -- -0.98722243309021
2022-04-15 12:40:13,951 - agents.Base_Agent - INFO - Loss -- -0.019675690680742264
2022-04-15 12:40:53,025 - agents.Base_Agent - INFO - Loss -- 0.006771266460418701
2022-04-15 12:40:53,026 - agents.Base_Agent - INFO - Loss -- 0.006915979087352753
2022-04-15 12:40:53,027 - agents.Base_Agent - INFO - Loss -- -0.9759988784790039
2022-04-15 12:40:53,028 - agents.Base_Agent - INFO - Loss -- -0.019247757270932198
2022-04-15 12:41:33,547 - agents.Base_Agent - INFO - Loss -- 0.003463035449385643
2022-04-15 12:41:33,548 - agents.Base_Agent - INFO - Loss -- 0.004106004256755114
2022-04-15 12:41:33,549 - agents.Base_Agent - INFO - Loss -- -0.9681233167648315
2022-04-15 12:41:33,550 - agents.Base_Agent - INFO - Loss -- -0.020017828792333603
2022-04-15 12:42:16,046 - agents.Base_Agent - INFO - Loss -- 0.0026253587566316128
2022-04-15 12:42:16,047 - agents.Base_Agent - INFO - Loss -- 0.003917722962796688
2022-04-15 12:42:16,049 - agents.Base_Agent - INFO - Loss -- -0.9635169506072998
2022-04-15 12:42:16,050 - agents.Base_Agent - INFO - Loss -- -0.019663557410240173
2022-04-15 12:42:16,465 - agents.Base_Agent - INFO - Reseting game -- New start state [0. 0. 0. 0. 0. 0. 0. 0. 0. 0. 0. 0. 0.]
2022-04-15 12:42:49,697 - agents.Base_Agent - INFO - Loss -- 0.0032035396434366703
2022-04-15 12:42:49,698 - agents.Base_Agent - INFO - Loss -- 0.005190541967749596
2022-04-15 12:42:49,700 - agents.Base_Agent - INFO - Loss -- -0.9710730314254761
2022-04-15 12:42:49,700 - agents.Base_Agent - INFO - Loss -- -0.019487719982862473
2022-04-15 12:43:27,798 - agents.Base_Agent - INFO - Loss -- 0.00387486326508224
2022-04-15 12:43:27,799 - agents.Base_Agent - INFO - Loss -- 0.005131456069648266
2022-04-15 12:43:27,802 - agents.Base_Agent - INFO - Loss -- -0.9562839269638062
2022-04-15 12:43:27,802 - agents.Base_Agent - INFO - Loss -- -0.019875166937708855
2022-04-15 12:44:03,659 - agents.Base_Agent - INFO - Loss -- 0.0016566154081374407
2022-04-15 12:44:03,660 - agents.Base_Agent - INFO - Loss -- 0.0013741978909820318
2022-04-15 12:44:03,662 - agents.Base_Agent - INFO - Loss -- -0.9514234662055969
2022-04-15 12:44:03,663 - agents.Base_Agent - INFO - Loss -- -0.020729292184114456
2022-04-15 12:44:39,554 - agents.Base_Agent - INFO - Loss -- 0.0034829499199986458
2022-04-15 12:44:39,555 - agents.Base_Agent - INFO - Loss -- 0.006582331843674183
2022-04-15 12:44:39,557 - agents.Base_Agent - INFO - Loss -- -0.9557027816772461
2022-04-15 12:44:39,558 - agents.Base_Agent - INFO - Loss -- -0.020510219037532806
2022-04-15 12:44:39,804 - agents.Base_Agent - INFO - Reseting game -- New start state [0. 0. 0. 0. 0. 0. 0. 0. 0. 0. 0. 0. 0.]
2022-04-15 12:45:15,639 - agents.Base_Agent - INFO - Loss -- 0.009849227964878082
2022-04-15 12:45:15,640 - agents.Base_Agent - INFO - Loss -- 0.01094693411141634
2022-04-15 12:45:15,642 - agents.Base_Agent - INFO - Loss -- -0.9404885768890381
2022-04-15 12:45:15,642 - agents.Base_Agent - INFO - Loss -- -0.01923546940088272
2022-04-15 12:45:51,717 - agents.Base_Agent - INFO - Loss -- 0.00178467424120754
2022-04-15 12:45:51,718 - agents.Base_Agent - INFO - Loss -- 0.0022226301953196526
2022-04-15 12:45:51,720 - agents.Base_Agent - INFO - Loss -- -0.9202578067779541
2022-04-15 12:45:51,721 - agents.Base_Agent - INFO - Loss -- -0.02147267758846283
2022-04-15 12:46:25,322 - agents.Base_Agent - INFO - Loss -- 0.0033081169240176678
2022-04-15 12:46:25,323 - agents.Base_Agent - INFO - Loss -- 0.00638164347037673
2022-04-15 12:46:25,325 - agents.Base_Agent - INFO - Loss -- -0.9161503314971924
2022-04-15 12:46:25,326 - agents.Base_Agent - INFO - Loss -- -0.021084826439619064
2022-04-15 12:46:58,870 - agents.Base_Agent - INFO - Loss -- 0.006879265885800123
2022-04-15 12:46:58,871 - agents.Base_Agent - INFO - Loss -- 0.005563350394368172
2022-04-15 12:46:58,873 - agents.Base_Agent - INFO - Loss -- -0.9039933681488037
2022-04-15 12:46:58,873 - agents.Base_Agent - INFO - Loss -- -0.020968835800886154
2022-04-15 12:46:58,979 - agents.Base_Agent - INFO - Reseting game -- New start state [0. 0. 0. 0. 0. 0. 0. 0. 0. 0. 0. 0. 0.]
2022-04-15 12:47:32,653 - agents.Base_Agent - INFO - Loss -- 0.001019362360239029
2022-04-15 12:47:32,654 - agents.Base_Agent - INFO - Loss -- 0.002867912407964468
2022-04-15 12:47:32,656 - agents.Base_Agent - INFO - Loss -- -0.9216718077659607
2022-04-15 12:47:32,656 - agents.Base_Agent - INFO - Loss -- -0.020614217966794968
2022-04-15 12:48:08,701 - agents.Base_Agent - INFO - Loss -- 0.001620324794203043
2022-04-15 12:48:08,702 - agents.Base_Agent - INFO - Loss -- 0.0024354082997888327
2022-04-15 12:48:08,703 - agents.Base_Agent - INFO - Loss -- -0.904991626739502
2022-04-15 12:48:08,704 - agents.Base_Agent - INFO - Loss -- -0.020803768187761307
2022-04-15 12:48:44,604 - agents.Base_Agent - INFO - Loss -- 0.0012624687515199184
2022-04-15 12:48:44,605 - agents.Base_Agent - INFO - Loss -- 0.0014404361136257648
2022-04-15 12:48:44,606 - agents.Base_Agent - INFO - Loss -- -0.9177464246749878
2022-04-15 12:48:44,607 - agents.Base_Agent - INFO - Loss -- -0.022225195541977882
2022-04-15 12:49:16,514 - agents.Base_Agent - INFO - Loss -- 0.0033848367165774107
2022-04-15 12:49:16,515 - agents.Base_Agent - INFO - Loss -- 0.005082947667688131
2022-04-15 12:49:16,517 - agents.Base_Agent - INFO - Loss -- -0.9134041666984558
2022-04-15 12:49:16,517 - agents.Base_Agent - INFO - Loss -- -0.022107655182480812
2022-04-15 12:49:16,604 - agents.Base_Agent - INFO - Reseting game -- New start state [0. 0. 0. 0. 0. 0. 0. 0. 0. 0. 0. 0. 0.]
2022-04-15 12:49:48,952 - agents.Base_Agent - INFO - Loss -- 0.010125381872057915
2022-04-15 12:49:48,953 - agents.Base_Agent - INFO - Loss -- 0.008034514263272285
2022-04-15 12:49:48,954 - agents.Base_Agent - INFO - Loss -- -0.8403598070144653
2022-04-15 12:49:48,955 - agents.Base_Agent - INFO - Loss -- -0.022641949355602264
2022-04-15 12:50:21,623 - agents.Base_Agent - INFO - Loss -- 0.001996768871322274
2022-04-15 12:50:21,624 - agents.Base_Agent - INFO - Loss -- 0.0039256298914551735
2022-04-15 12:50:21,626 - agents.Base_Agent - INFO - Loss -- -0.8717387914657593
2022-04-15 12:50:21,627 - agents.Base_Agent - INFO - Loss -- -0.02429158240556717
2022-04-15 12:50:53,786 - agents.Base_Agent - INFO - Loss -- 0.001989479176700115
2022-04-15 12:50:53,787 - agents.Base_Agent - INFO - Loss -- 0.0018068526405841112
2022-04-15 12:50:53,789 - agents.Base_Agent - INFO - Loss -- -0.877474844455719
2022-04-15 12:50:53,789 - agents.Base_Agent - INFO - Loss -- -0.0222026240080595
2022-04-15 12:51:25,209 - agents.Base_Agent - INFO - Loss -- 0.0013772302772849798
2022-04-15 12:51:25,211 - agents.Base_Agent - INFO - Loss -- 0.0011576806427910924
2022-04-15 12:51:25,214 - agents.Base_Agent - INFO - Loss -- -0.8797529935836792
2022-04-15 12:51:25,215 - agents.Base_Agent - INFO - Loss -- -0.022289205342531204
2022-04-15 12:51:25,324 - agents.Base_Agent - INFO - Reseting game -- New start state [0. 0. 0. 0. 0. 0. 0. 0. 0. 0. 0. 0. 0.]
2022-04-15 12:51:56,968 - agents.Base_Agent - INFO - Loss -- 0.007912754081189632
2022-04-15 12:51:56,969 - agents.Base_Agent - INFO - Loss -- 0.011069482192397118
2022-04-15 12:51:56,971 - agents.Base_Agent - INFO - Loss -- -0.8970343470573425
2022-04-15 12:51:56,971 - agents.Base_Agent - INFO - Loss -- -0.022310923784971237
2022-04-15 12:52:29,327 - agents.Base_Agent - INFO - Loss -- 0.001693903817795217
2022-04-15 12:52:29,327 - agents.Base_Agent - INFO - Loss -- 0.0023863071110099554
2022-04-15 12:52:29,329 - agents.Base_Agent - INFO - Loss -- -0.8636590242385864
2022-04-15 12:52:29,330 - agents.Base_Agent - INFO - Loss -- -0.022600272670388222
2022-04-15 12:53:02,615 - agents.Base_Agent - INFO - Loss -- 0.010123364627361298
2022-04-15 12:53:02,616 - agents.Base_Agent - INFO - Loss -- 0.009484649635851383
2022-04-15 12:53:02,619 - agents.Base_Agent - INFO - Loss -- -0.8588429689407349
2022-04-15 12:53:02,620 - agents.Base_Agent - INFO - Loss -- -0.021849127486348152
2022-04-15 12:53:35,292 - agents.Base_Agent - INFO - Loss -- 0.004029253497719765
2022-04-15 12:53:35,293 - agents.Base_Agent - INFO - Loss -- 0.004485760815441608
2022-04-15 12:53:35,295 - agents.Base_Agent - INFO - Loss -- -0.8575798273086548
2022-04-15 12:53:35,295 - agents.Base_Agent - INFO - Loss -- -0.02306363731622696
2022-04-15 12:53:35,383 - agents.Base_Agent - INFO - Reseting game -- New start state [0. 0. 0. 0. 0. 0. 0. 0. 0. 0. 0. 0. 0.]
2022-04-15 12:54:10,325 - agents.Base_Agent - INFO - Loss -- 0.003189715789631009
2022-04-15 12:54:10,326 - agents.Base_Agent - INFO - Loss -- 0.0037406792398542166
2022-04-15 12:54:10,328 - agents.Base_Agent - INFO - Loss -- -0.8567235469818115
2022-04-15 12:54:10,329 - agents.Base_Agent - INFO - Loss -- -0.023015502840280533
2022-04-15 12:54:45,287 - agents.Base_Agent - INFO - Loss -- 0.0048964484594762325
2022-04-15 12:54:45,288 - agents.Base_Agent - INFO - Loss -- 0.00483065377920866
2022-04-15 12:54:45,290 - agents.Base_Agent - INFO - Loss -- -0.8438622951507568
2022-04-15 12:54:45,290 - agents.Base_Agent - INFO - Loss -- -0.023178216069936752
2022-04-15 12:55:21,060 - agents.Base_Agent - INFO - Loss -- 0.004419541452080011
2022-04-15 12:55:21,061 - agents.Base_Agent - INFO - Loss -- 0.0042175971902906895
2022-04-15 12:55:21,064 - agents.Base_Agent - INFO - Loss -- -0.8406772017478943
2022-04-15 12:55:21,065 - agents.Base_Agent - INFO - Loss -- -0.02255670540034771
2022-04-15 12:55:53,802 - agents.Base_Agent - INFO - Loss -- 0.006733953952789307
2022-04-15 12:55:53,803 - agents.Base_Agent - INFO - Loss -- 0.005405857227742672
2022-04-15 12:55:53,805 - agents.Base_Agent - INFO - Loss -- -0.8435062170028687
2022-04-15 12:55:53,805 - agents.Base_Agent - INFO - Loss -- -0.020796459168195724
2022-04-15 12:55:53,887 - agents.Base_Agent - INFO - Reseting game -- New start state [0. 0. 0. 0. 0. 0. 0. 0. 0. 0. 0. 0. 0.]
2022-04-15 12:56:28,825 - agents.Base_Agent - INFO - Loss -- 0.0017950275214388967
2022-04-15 12:56:28,826 - agents.Base_Agent - INFO - Loss -- 0.004436429124325514
2022-04-15 12:56:28,829 - agents.Base_Agent - INFO - Loss -- -0.8579785823822021
2022-04-15 12:56:28,830 - agents.Base_Agent - INFO - Loss -- -0.020381903275847435
2022-04-15 12:57:05,936 - agents.Base_Agent - INFO - Loss -- 0.0010786580387502909
2022-04-15 12:57:05,936 - agents.Base_Agent - INFO - Loss -- 0.0016038994072005153
2022-04-15 12:57:05,938 - agents.Base_Agent - INFO - Loss -- -0.8371716737747192
2022-04-15 12:57:05,939 - agents.Base_Agent - INFO - Loss -- -0.01597679778933525
2022-04-15 12:57:41,907 - agents.Base_Agent - INFO - Loss -- 0.0012295413762331009
2022-04-15 12:57:41,908 - agents.Base_Agent - INFO - Loss -- 0.0025247931480407715
2022-04-15 12:57:41,910 - agents.Base_Agent - INFO - Loss -- -0.8399819135665894
2022-04-15 12:57:41,911 - agents.Base_Agent - INFO - Loss -- -0.015399708412587643
2022-04-15 12:58:23,948 - agents.Base_Agent - INFO - Loss -- 0.0016313267406076193
2022-04-15 12:58:23,949 - agents.Base_Agent - INFO - Loss -- 0.004383696708828211
2022-04-15 12:58:23,951 - agents.Base_Agent - INFO - Loss -- -0.8192532062530518
2022-04-15 12:58:23,951 - agents.Base_Agent - INFO - Loss -- -0.02011021040380001
2022-04-15 12:58:24,038 - agents.Base_Agent - INFO - Reseting game -- New start state [0. 0. 0. 0. 0. 0. 0. 0. 0. 0. 0. 0. 0.]
2022-04-15 12:59:01,144 - agents.Base_Agent - INFO - Loss -- 0.0013507967814803123
2022-04-15 12:59:01,145 - agents.Base_Agent - INFO - Loss -- 0.0023643544409424067
2022-04-15 12:59:01,147 - agents.Base_Agent - INFO - Loss -- -0.8146098256111145
2022-04-15 12:59:01,147 - agents.Base_Agent - INFO - Loss -- -0.018677733838558197
2022-04-15 12:59:41,547 - agents.Base_Agent - INFO - Loss -- 0.005761511158198118
2022-04-15 12:59:41,548 - agents.Base_Agent - INFO - Loss -- 0.006925432477146387
2022-04-15 12:59:41,550 - agents.Base_Agent - INFO - Loss -- -0.8090598583221436
2022-04-15 12:59:41,550 - agents.Base_Agent - INFO - Loss -- -0.015307776629924774
2022-04-15 13:00:17,228 - agents.Base_Agent - INFO - Loss -- 0.0018301727250218391
2022-04-15 13:00:17,228 - agents.Base_Agent - INFO - Loss -- 0.0011687441729009151
2022-04-15 13:00:17,230 - agents.Base_Agent - INFO - Loss -- -0.800805389881134
2022-04-15 13:00:17,231 - agents.Base_Agent - INFO - Loss -- -0.021024079993367195
2022-04-15 13:00:50,744 - agents.Base_Agent - INFO - Loss -- 0.0022107306867837906
2022-04-15 13:00:50,745 - agents.Base_Agent - INFO - Loss -- 0.001857966068200767
2022-04-15 13:00:50,747 - agents.Base_Agent - INFO - Loss -- -0.8094199299812317
2022-04-15 13:00:50,748 - agents.Base_Agent - INFO - Loss -- -0.017354387789964676
2022-04-15 13:00:50,833 - agents.Base_Agent - INFO - Reseting game -- New start state [0. 0. 0. 0. 0. 0. 0. 0. 0. 0. 0. 0. 0.]
2022-04-15 13:01:25,984 - agents.Base_Agent - INFO - Loss -- 0.005882060155272484
2022-04-15 13:01:25,985 - agents.Base_Agent - INFO - Loss -- 0.00423137191683054
2022-04-15 13:01:25,988 - agents.Base_Agent - INFO - Loss -- -0.7881861925125122
2022-04-15 13:01:25,989 - agents.Base_Agent - INFO - Loss -- -0.0203876793384552
2022-04-15 13:02:05,046 - agents.Base_Agent - INFO - Loss -- 0.0016120049403980374
2022-04-15 13:02:05,047 - agents.Base_Agent - INFO - Loss -- 0.002801641821861267
2022-04-15 13:02:05,049 - agents.Base_Agent - INFO - Loss -- -0.8054196238517761
2022-04-15 13:02:05,050 - agents.Base_Agent - INFO - Loss -- -0.016675487160682678
2022-04-15 13:02:44,773 - agents.Base_Agent - INFO - Loss -- 0.001457307138480246
2022-04-15 13:02:44,774 - agents.Base_Agent - INFO - Loss -- 0.0022984540555626154
2022-04-15 13:02:44,776 - agents.Base_Agent - INFO - Loss -- -0.8103019595146179
2022-04-15 13:02:44,777 - agents.Base_Agent - INFO - Loss -- -0.017311157658696175
2022-04-15 13:03:23,885 - agents.Base_Agent - INFO - Loss -- 0.002341240644454956
2022-04-15 13:03:23,886 - agents.Base_Agent - INFO - Loss -- 0.001010797917842865
2022-04-15 13:03:23,888 - agents.Base_Agent - INFO - Loss -- -0.770846962928772
2022-04-15 13:03:23,888 - agents.Base_Agent - INFO - Loss -- -0.023172982037067413
2022-04-15 13:03:23,976 - agents.Base_Agent - INFO - Reseting game -- New start state [0. 0. 0. 0. 0. 0. 0. 0. 0. 0. 0. 0. 0.]
